<html>
<head>
<title>TestNG:  Test</title>
<link href="../testng.css" rel="stylesheet" type="text/css" />
<link href="../my-testng.css" rel="stylesheet" type="text/css" />

<style type="text/css">
.log { display: none;} 
.stack-trace { display: none;} 
</style>
<script type="text/javascript">
<!--
function flip(e) {
  current = e.style.display;
  if (current == 'block') {
    e.style.display = 'none';
    return 0;
  }
  else {
    e.style.display = 'block';
    return 1;
  }
}

function toggleBox(szDivId, elem, msg1, msg2)
{
  var res = -1;  if (document.getElementById) {
    res = flip(document.getElementById(szDivId));
  }
  else if (document.all) {
    // this is the way old msie versions work
    res = flip(document.all[szDivId]);
  }
  if(elem) {
    if(res == 0) elem.innerHTML = msg1; else elem.innerHTML = msg2;
  }

}

function toggleAllBoxes() {
  if (document.getElementsByTagName) {
    d = document.getElementsByTagName('div');
    for (i = 0; i < d.length; i++) {
      if (d[i].className == 'log') {
        flip(d[i]);
      }
    }
  }
}

// -->
</script>

</head>
<body>
<h2 align='center'>Test</h2><table border='1' align="center">
<tr>
<td>Tests passed/Failed/Skipped:</td><td>9/0/1</td>
</tr><tr>
<td>Started on:</td><td>Tue Jun 24 17:39:26 IST 2025</td>
</tr>
<tr><td>Total time:</td><td>189 seconds (189416 ms)</td>
</tr><tr>
<td>Included groups:</td><td></td>
</tr><tr>
<td>Excluded groups:</td><td></td>
</tr>
</table><p/>
<small><i>(Hover the method name to see the test class name)</i></small><p/>
<table width='100%' border='1' class='invocation-passed'>
<tr><td colspan='4' align='center'><b>PASSED TESTS</b></td></tr>
<tr><td><b>Test method</b></td>
<td><b>Attribute(s)</b></td>
<td width="30%"><b>Exception</b></td>
<td width="10%"><b>Time (seconds)</b></td>
<td><b>Instance</b></td>
</tr>
<tr>
<td title='Amazon_pacakge.Amazon_project.Test_10_Updatequantity.addtocart()'><b>addtocart</b><br>Test class: Amazon_pacakge.Amazon_project.Test_10_Updatequantity<br>Parameters: 7066328484, kalyani@90<br/>
<a href="#Output-165337720" onClick='toggleBox("Output-165337720", this, "Show output", "Hide output");'>Show output</a>

<a href="#Output-165337720" onClick="toggleAllBoxes();">Show all outputs</a>
<div class='log' id="Output-165337720">
successful done step 3<br/>
Successful signin1<br/>
Enter the username<br/>
Cliking continue<br/>
Enter the username<br/>
Successful login in<br/>
</div>
</td>
<td></td>
<td>19</td>
<td>Amazon_pacakge.Amazon_project.Test_10_Updatequantity@5136d012</td></tr>
<tr>
<td title='Amazon_pacakge.Amazon_project.Tase_9_Addtocart.addtocart()'><b>addtocart</b><br>Test class: Amazon_pacakge.Amazon_project.Tase_9_Addtocart<br>Parameters: 7066328484, kalyani@90<br/>
<a href="#Output-1788036341" onClick='toggleBox("Output-1788036341", this, "Show output", "Hide output");'>Show output</a>

<a href="#Output-1788036341" onClick="toggleAllBoxes();">Show all outputs</a>
<div class='log' id="Output-1788036341">
successful done step 3<br/>
Successful signin1<br/>
Enter the username<br/>
Cliking continue<br/>
Enter the username<br/>
Successful login in<br/>
</div>
</td>
<td></td>
<td>16</td>
<td>Amazon_pacakge.Amazon_project.Tase_9_Addtocart@2beee7ff</td></tr>
<tr>
<td title='Amazon_pacakge.Amazon_project.Test_2_Loginwithvaliddetails.sucsessfulloginwithrightdetails()'><b>sucsessfulloginwithrightdetails</b><br>Test class: Amazon_pacakge.Amazon_project.Test_2_Loginwithvaliddetails<br>Parameters: 7066328484, kalyani@90<br/>
<a href="#Output-1547994163" onClick='toggleBox("Output-1547994163", this, "Show output", "Hide output");'>Show output</a>

<a href="#Output-1547994163" onClick="toggleAllBoxes();">Show all outputs</a>
<div class='log' id="Output-1547994163">
successful done step 3<br/>
Successful signin1<br/>
Enter the username<br/>
Cliking continue<br/>
Enter the username<br/>
Successful login in<br/>
</div>
</td>
<td></td>
<td>5</td>
<td>Amazon_pacakge.Amazon_project.Test_2_Loginwithvaliddetails@37858383</td></tr>
<tr>
<td title='Amazon_pacakge.Amazon_project.Test_15_addtocartwithoutlogin.addtocartnologin()'><b>addtocartnologin</b><br>Test class: Amazon_pacakge.Amazon_project.Test_15_addtocartwithoutlogin</td>
<td></td>
<td>8</td>
<td>Amazon_pacakge.Amazon_project.Test_15_addtocartwithoutlogin@e1de817</td></tr>
<tr>
<td title='Amazon_pacakge.Amazon_project.Test_5_Execution_searchingproduct.addtocart()'><b>addtocart</b><br>Test class: Amazon_pacakge.Amazon_project.Test_5_Execution_searchingproduct<br/>
<a href="#Output-398088176" onClick='toggleBox("Output-398088176", this, "Show output", "Hide output");'>Show output</a>

<a href="#Output-398088176" onClick="toggleAllBoxes();">Show all outputs</a>
<div class='log' id="Output-398088176">
successful done step 3<br/>
Successful signin1<br/>
Enter the username<br/>
Cliking continue<br/>
Entering password<br/>
Successful login in<br/>
</div>
</td>
<td></td>
<td>13</td>
<td>Amazon_pacakge.Amazon_project.Test_5_Execution_searchingproduct@306cf3ea</td></tr>
<tr>
<td title='Amazon_pacakge.Amazon_project.Test_1_Createnewuser.loginsuccesful()'><b>loginsuccesful</b><br>Test class: Amazon_pacakge.Amazon_project.Test_1_Createnewuser<br/>
<a href="#Output-1037475674" onClick='toggleBox("Output-1037475674", this, "Show output", "Hide output");'>Show output</a>

<a href="#Output-1037475674" onClick="toggleAllBoxes();">Show all outputs</a>
<div class='log' id="Output-1037475674">
successful done step 3<br/>
signin new user<br/>
Enter the username<br/>
Cliking continue<br/>
Successful signin1<br/>
Successful signin1<br/>
Successful signin1<br/>
</div>
</td>
<td></td>
<td>8</td>
<td>Amazon_pacakge.Amazon_project.Test_1_Createnewuser@2f54a33d</td></tr>
<tr>
<td title='Amazon_pacakge.Amazon_project.Test_4_Execution_Editprofile.editprofile()'><b>editprofile</b><br>Test class: Amazon_pacakge.Amazon_project.Test_4_Execution_Editprofile<br>Parameters: 7066328484, kalyani@90<br/>
<a href="#Output-1534888240" onClick='toggleBox("Output-1534888240", this, "Show output", "Hide output");'>Show output</a>

<a href="#Output-1534888240" onClick="toggleAllBoxes();">Show all outputs</a>
<div class='log' id="Output-1534888240">
successful done step 3<br/>
Enter the username<br/>
Cliking continue<br/>
Enter the username<br/>
Successful login in<br/>
click on editing<br/>
Successfully editing<br/>
save changes<br/>
</div>
</td>
<td></td>
<td>12</td>
<td>Amazon_pacakge.Amazon_project.Test_4_Execution_Editprofile@1bb266b3</td></tr>
<tr>
<td title='Amazon_pacakge.Amazon_project.Test_3_Invalidetails.wrongdetails()'><b>wrongdetails</b><br>Test class: Amazon_pacakge.Amazon_project.Test_3_Invalidetails<br/>
<a href="#Output-219192399" onClick='toggleBox("Output-219192399", this, "Show output", "Hide output");'>Show output</a>

<a href="#Output-219192399" onClick="toggleAllBoxes();">Show all outputs</a>
<div class='log' id="Output-219192399">
successful done step 3<br/>
Successful signin1<br/>
Cliking continue<br/>
</div>
</td>
<td></td>
<td>4</td>
<td>Amazon_pacakge.Amazon_project.Test_3_Invalidetails@4e268090</td></tr>
<tr>
<td title='Amazon_pacakge.Amazon_project.Test_11_addpayment.addpayment()'><b>addpayment</b><br>Test class: Amazon_pacakge.Amazon_project.Test_11_addpayment<br>Parameters: 7066328484, kalyani@90<br/>
<a href="#Output-424188711" onClick='toggleBox("Output-424188711", this, "Show output", "Hide output");'>Show output</a>

<a href="#Output-424188711" onClick="toggleAllBoxes();">Show all outputs</a>
<div class='log' id="Output-424188711">
successful done step 3<br/>
Successful signin1<br/>
Enter the username<br/>
Cliking continue<br/>
Enter the username<br/>
Successful login in<br/>
</div>
</td>
<td></td>
<td>19</td>
<td>Amazon_pacakge.Amazon_project.Test_11_addpayment@5939a379</td></tr>
</table><p>
<table width='100%' border='1' class='invocation-skipped'>
<tr><td colspan='4' align='center'><b>SKIPPED TESTS</b></td></tr>
<tr><td><b>Test method</b></td>
<td><b>Attribute(s)</b></td>
<td width="30%"><b>Exception</b></td>
<td width="10%"><b>Time (seconds)</b></td>
<td><b>Instance</b></td>
</tr>
<tr>
<td title='Amazon_pacakge.Amazon_project.Test_2_Loginwithvaliddetails.sucsessfulloginwithrightdetails()'><b>sucsessfulloginwithrightdetails</b><br>Test class: Amazon_pacakge.Amazon_project.Test_2_Loginwithvaliddetails<br>Parameters: 7066328484, kalyani@90<br/>
<a href="#Output-504634946" onClick='toggleBox("Output-504634946", this, "Show output", "Hide output");'>Show output</a>

<a href="#Output-504634946" onClick="toggleAllBoxes();">Show all outputs</a>
<div class='log' id="Output-504634946">
successful done step 3<br/>
Successful signin1<br/>
Enter the username<br/>
Cliking continue<br/>
</div>
</td>
<td><div><pre>java.lang.AssertionError: expected [false] but found [true]
	at Amazon_pacakge.Amazon_project.Homepage.continebtn(Homepage.java:62)
	at Amazon_pacakge.Amazon_project.Test_2_Loginwithvaliddetails.sucsessfulloginwithrightdetails(Test_2_Loginwithvaliddetails.java:43)
	at java.base/java.util.ArrayList.forEach(ArrayList.java:1511)
... Removed 34 stack frames</pre></div><a href='#' onClick='toggleBox("stack-trace504634946", this, "Click to show all stack frames", "Click to hide stack frames")'>Click to show all stack frames</a>
<div class='stack-trace' id='stack-trace504634946'><pre>java.lang.AssertionError: expected [false] but found [true]
	at org.testng.Assert.fail(Assert.java:111)
	at org.testng.Assert.failNotEquals(Assert.java:1590)
	at org.testng.Assert.assertEqualsImpl(Assert.java:150)
	at org.testng.Assert.assertEquals(Assert.java:132)
	at org.testng.Assert.assertEquals(Assert.java:1079)
	at org.testng.Assert.assertEquals(Assert.java:1043)
	at org.testng.Assert.assertEquals(Assert.java:1089)
	at Amazon_pacakge.Amazon_project.Homepage.continebtn(Homepage.java:62)
	at Amazon_pacakge.Amazon_project.Test_2_Loginwithvaliddetails.sucsessfulloginwithrightdetails(Test_2_Loginwithvaliddetails.java:43)
	at java.base/jdk.internal.reflect.NativeMethodAccessorImpl.invoke0(Native Method)
	at java.base/jdk.internal.reflect.NativeMethodAccessorImpl.invoke(NativeMethodAccessorImpl.java:77)
	at java.base/jdk.internal.reflect.DelegatingMethodAccessorImpl.invoke(DelegatingMethodAccessorImpl.java:43)
	at java.base/java.lang.reflect.Method.invoke(Method.java:568)
	at org.testng.internal.invokers.MethodInvocationHelper.invokeMethod(MethodInvocationHelper.java:141)
	at org.testng.internal.invokers.TestInvoker.invokeMethod(TestInvoker.java:687)
	at org.testng.internal.invokers.TestInvoker.invokeTestMethod(TestInvoker.java:230)
	at org.testng.internal.invokers.MethodRunner.runInSequence(MethodRunner.java:63)
	at org.testng.internal.invokers.TestInvoker$MethodInvocationAgent.invoke(TestInvoker.java:995)
	at org.testng.internal.invokers.TestInvoker.invokeTestMethods(TestInvoker.java:203)
	at org.testng.internal.invokers.TestMethodWorker.invokeTestMethods(TestMethodWorker.java:154)
	at org.testng.internal.invokers.TestMethodWorker.run(TestMethodWorker.java:134)
	at java.base/java.util.ArrayList.forEach(ArrayList.java:1511)
	at org.testng.TestRunner.privateRun(TestRunner.java:741)
	at org.testng.TestRunner.run(TestRunner.java:616)
	at org.testng.SuiteRunner.runTest(SuiteRunner.java:421)
	at org.testng.SuiteRunner.runSequentially(SuiteRunner.java:413)
	at org.testng.SuiteRunner.privateRun(SuiteRunner.java:373)
	at org.testng.SuiteRunner.run(SuiteRunner.java:312)
	at org.testng.SuiteRunnerWorker.runSuite(SuiteRunnerWorker.java:52)
	at org.testng.SuiteRunnerWorker.run(SuiteRunnerWorker.java:95)
	at org.testng.TestNG.runSuitesSequentially(TestNG.java:1274)
	at org.testng.TestNG.runSuitesLocally(TestNG.java:1208)
	at org.testng.TestNG.runSuites(TestNG.java:1112)
	at org.testng.TestNG.run(TestNG.java:1079)
	at org.testng.remote.AbstractRemoteTestNG.run(AbstractRemoteTestNG.java:115)
	at org.testng.remote.RemoteTestNG.initAndRun(RemoteTestNG.java:293)
	at org.testng.remote.RemoteTestNG.main(RemoteTestNG.java:91)
</pre></div></td>
<td>4</td>
<td>Amazon_pacakge.Amazon_project.Test_2_Loginwithvaliddetails@37858383</td></tr>
</table><p>
</body>
</html>