<html>
<head>
<title>TestNG:  Test</title>
<link href="../testng.css" rel="stylesheet" type="text/css" />
<link href="../my-testng.css" rel="stylesheet" type="text/css" />

<style type="text/css">
.log { display: none;} 
.stack-trace { display: none;} 
</style>
<script type="text/javascript">
<!--
function flip(e) {
  current = e.style.display;
  if (current == 'block') {
    e.style.display = 'none';
    return 0;
  }
  else {
    e.style.display = 'block';
    return 1;
  }
}

function toggleBox(szDivId, elem, msg1, msg2)
{
  var res = -1;  if (document.getElementById) {
    res = flip(document.getElementById(szDivId));
  }
  else if (document.all) {
    // this is the way old msie versions work
    res = flip(document.all[szDivId]);
  }
  if(elem) {
    if(res == 0) elem.innerHTML = msg1; else elem.innerHTML = msg2;
  }

}

function toggleAllBoxes() {
  if (document.getElementsByTagName) {
    d = document.getElementsByTagName('div');
    for (i = 0; i < d.length; i++) {
      if (d[i].className == 'log') {
        flip(d[i]);
      }
    }
  }
}

// -->
</script>

</head>
<body>
<h2 align='center'>Test</h2><table border='1' align="center">
<tr>
<td>Tests passed/Failed/Skipped:</td><td>8/0/1</td>
</tr><tr>
<td>Started on:</td><td>Tue Jun 24 19:47:57 IST 2025</td>
</tr>
<tr><td>Total time:</td><td>196 seconds (196371 ms)</td>
</tr><tr>
<td>Included groups:</td><td></td>
</tr><tr>
<td>Excluded groups:</td><td></td>
</tr>
</table><p/>
<small><i>(Hover the method name to see the test class name)</i></small><p/>
<table width='100%' border='1' class='invocation-passed'>
<tr><td colspan='4' align='center'><b>PASSED TESTS</b></td></tr>
<tr><td><b>Test method</b></td>
<td><b>Attribute(s)</b></td>
<td width="30%"><b>Exception</b></td>
<td width="10%"><b>Time (seconds)</b></td>
<td><b>Instance</b></td>
</tr>
<tr>
<td title='Amazon_pacakge.Amazon_project.Test_1_Createnewuser.loginsuccesful()'><b>loginsuccesful</b><br>Test class: Amazon_pacakge.Amazon_project.Test_1_Createnewuser<br/>
<a href="#Output-1021565761" onClick='toggleBox("Output-1021565761", this, "Show output", "Hide output");'>Show output</a>

<a href="#Output-1021565761" onClick="toggleAllBoxes();">Show all outputs</a>
<div class='log' id="Output-1021565761">
successful done step 3<br/>
signin new user<br/>
Enter the username<br/>
Cliking continue<br/>
Successful signin1<br/>
Successful signin1<br/>
Successful signin1<br/>
</div>
</td>
<td></td>
<td>7</td>
<td>Amazon_pacakge.Amazon_project.Test_1_Createnewuser@158da8e</td></tr>
<tr>
<td title='Amazon_pacakge.Amazon_project.Test_2_Loginwithvaliddetails.sucsessfulloginwithrightdetails()'><b>sucsessfulloginwithrightdetails</b><br>Test class: Amazon_pacakge.Amazon_project.Test_2_Loginwithvaliddetails<br>Parameters: 7066328484, kalyani@90<br/>
<a href="#Output-732688777" onClick='toggleBox("Output-732688777", this, "Show output", "Hide output");'>Show output</a>

<a href="#Output-732688777" onClick="toggleAllBoxes();">Show all outputs</a>
<div class='log' id="Output-732688777">
successful done step 3<br/>
Successful signin1<br/>
Enter the username<br/>
Cliking continue<br/>
Enter the username<br/>
Successful login in<br/>
</div>
</td>
<td></td>
<td>8</td>
<td>Amazon_pacakge.Amazon_project.Test_2_Loginwithvaliddetails@7e07db1f</td></tr>
<tr>
<td title='Amazon_pacakge.Amazon_project.Tase_9_Addtocart.addtocart()'><b>addtocart</b><br>Test class: Amazon_pacakge.Amazon_project.Tase_9_Addtocart<br>Parameters: 7066328484, kalyani@90<br/>
<a href="#Output-1572255813" onClick='toggleBox("Output-1572255813", this, "Show output", "Hide output");'>Show output</a>

<a href="#Output-1572255813" onClick="toggleAllBoxes();">Show all outputs</a>
<div class='log' id="Output-1572255813">
successful done step 3<br/>
Successful signin1<br/>
Enter the username<br/>
Cliking continue<br/>
Enter the username<br/>
Successful login in<br/>
</div>
</td>
<td></td>
<td>18</td>
<td>Amazon_pacakge.Amazon_project.Tase_9_Addtocart@564fabc8</td></tr>
<tr>
<td title='Amazon_pacakge.Amazon_project.Test_11_addpayment.addpayment()'><b>addpayment</b><br>Test class: Amazon_pacakge.Amazon_project.Test_11_addpayment<br>Parameters: 7066328484, kalyani@90<br/>
<a href="#Output-1024240671" onClick='toggleBox("Output-1024240671", this, "Show output", "Hide output");'>Show output</a>

<a href="#Output-1024240671" onClick="toggleAllBoxes();">Show all outputs</a>
<div class='log' id="Output-1024240671">
successful done step 3<br/>
Successful signin1<br/>
Enter the username<br/>
Cliking continue<br/>
Enter the username<br/>
Successful login in<br/>
</div>
</td>
<td></td>
<td>21</td>
<td>Amazon_pacakge.Amazon_project.Test_11_addpayment@49ec71f8</td></tr>
<tr>
<td title='Amazon_pacakge.Amazon_project.Test_10_Updatequantity.addtocart()'><b>addtocart</b><br>Test class: Amazon_pacakge.Amazon_project.Test_10_Updatequantity<br>Parameters: 7066328484, kalyani@90<br/>
<a href="#Output-386478079" onClick='toggleBox("Output-386478079", this, "Show output", "Hide output");'>Show output</a>

<a href="#Output-386478079" onClick="toggleAllBoxes();">Show all outputs</a>
<div class='log' id="Output-386478079">
successful done step 3<br/>
Successful signin1<br/>
Enter the username<br/>
Cliking continue<br/>
Enter the username<br/>
Successful login in<br/>
</div>
</td>
<td></td>
<td>19</td>
<td>Amazon_pacakge.Amazon_project.Test_10_Updatequantity@16d04d3d</td></tr>
<tr>
<td title='Amazon_pacakge.Amazon_project.Test_4_Execution_Editprofile.editprofile()'><b>editprofile</b><br>Test class: Amazon_pacakge.Amazon_project.Test_4_Execution_Editprofile<br>Parameters: 7066328484, kalyani@90<br/>
<a href="#Output-429639728" onClick='toggleBox("Output-429639728", this, "Show output", "Hide output");'>Show output</a>

<a href="#Output-429639728" onClick="toggleAllBoxes();">Show all outputs</a>
<div class='log' id="Output-429639728">
successful done step 3<br/>
Enter the username<br/>
Cliking continue<br/>
Enter the username<br/>
Successful login in<br/>
click on editing<br/>
Successfully editing<br/>
save changes<br/>
</div>
</td>
<td></td>
<td>14</td>
<td>Amazon_pacakge.Amazon_project.Test_4_Execution_Editprofile@1189dd52</td></tr>
<tr>
<td title='Amazon_pacakge.Amazon_project.Test_5_Execution_searchingproduct.addtocart()'><b>addtocart</b><br>Test class: Amazon_pacakge.Amazon_project.Test_5_Execution_searchingproduct<br/>
<a href="#Output-1730595945" onClick='toggleBox("Output-1730595945", this, "Show output", "Hide output");'>Show output</a>

<a href="#Output-1730595945" onClick="toggleAllBoxes();">Show all outputs</a>
<div class='log' id="Output-1730595945">
successful done step 3<br/>
Successful signin1<br/>
Enter the username<br/>
Cliking continue<br/>
Entering password<br/>
Successful login in<br/>
</div>
</td>
<td></td>
<td>13</td>
<td>Amazon_pacakge.Amazon_project.Test_5_Execution_searchingproduct@36bc55de</td></tr>
<tr>
<td title='Amazon_pacakge.Amazon_project.Test_15_addtocartwithoutlogin.addtocartnologin()'><b>addtocartnologin</b><br>Test class: Amazon_pacakge.Amazon_project.Test_15_addtocartwithoutlogin</td>
<td></td>
<td>8</td>
<td>Amazon_pacakge.Amazon_project.Test_15_addtocartwithoutlogin@1d2adfbe</td></tr>
</table><p>
<table width='100%' border='1' class='invocation-skipped'>
<tr><td colspan='4' align='center'><b>SKIPPED TESTS</b></td></tr>
<tr><td><b>Test method</b></td>
<td><b>Attribute(s)</b></td>
<td width="30%"><b>Exception</b></td>
<td width="10%"><b>Time (seconds)</b></td>
<td><b>Instance</b></td>
</tr>
<tr>
<td title='Amazon_pacakge.Amazon_project.Test_2_Loginwithvaliddetails.sucsessfulloginwithrightdetails()'><b>sucsessfulloginwithrightdetails</b><br>Test class: Amazon_pacakge.Amazon_project.Test_2_Loginwithvaliddetails<br>Parameters: 7066328484, kalyani@90<br/>
<a href="#Output-897801829" onClick='toggleBox("Output-897801829", this, "Show output", "Hide output");'>Show output</a>

<a href="#Output-897801829" onClick="toggleAllBoxes();">Show all outputs</a>
<div class='log' id="Output-897801829">
successful done step 3<br/>
Successful signin1<br/>
Enter the username<br/>
Cliking continue<br/>
</div>
</td>
<td><div><pre>org.openqa.selenium.StaleElementReferenceException: stale element reference: stale element not found
  (Session info: MicrosoftEdge=137.0.3296.83)
For documentation on this error, please visit: https://www.selenium.dev/documentation/webdriver/troubleshooting/errors#stale-element-reference-exception
Build info: version: &apos;4.32.0&apos;, revision: &apos;d17c8aa950&apos;
System info: os.name: &apos;Windows 10&apos;, os.arch: &apos;amd64&apos;, os.version: &apos;10.0&apos;, java.version: &apos;17.0.9&apos;
Driver info: org.openqa.selenium.edge.EdgeDriver
Command: [af7dadb53354a7107dfaed6c57d9e7dd, isElementDisplayed {id=f.ACD7D7AC4B7CDE407D4D66A2798862CA.d.57BE56AC794EFCA5981162D19168AD33.e.158}]
Capabilities {acceptInsecureCerts: false, browserName: MicrosoftEdge, browserVersion: 137.0.3296.83, fedcm:accounts: true, ms:edgeOptions: {debuggerAddress: localhost:63895}, msedge: {msedgedriverVersion: 137.0.3296.93 (114b4a913acd..., userDataDir: C:\Users\DELL\AppData\Local...}, networkConnectionEnabled: false, pageLoadStrategy: normal, platformName: windows, proxy: Proxy(), se:cdp: ws://localhost:63895/devtoo..., se:cdpVersion: 137.0.3296.83, setWindowRect: true, strictFileInteractability: false, timeouts: {implicit: 0, pageLoad: 300000, script: 30000}, unhandledPromptBehavior: dismiss and notify, webauthn:extension:credBlob: true, webauthn:extension:largeBlob: true, webauthn:extension:minPinLength: true, webauthn:extension:prf: true, webauthn:virtualAuthenticators: true}
Element: [[EdgeDriver: MicrosoftEdge on windows (af7dadb53354a7107dfaed6c57d9e7dd)] -&gt; xpath: //input[@type=&apos;password&apos;]]
Session ID: af7dadb53354a7107dfaed6c57d9e7dd
	at org.openqa.selenium.remote.ErrorCodec.decode(ErrorCodec.java:167)
	at org.openqa.selenium.remote.codec.w3c.W3CHttpResponseCodec.decode(W3CHttpResponseCodec.java:138)
	at org.openqa.selenium.remote.codec.w3c.W3CHttpResponseCodec.decode(W3CHttpResponseCodec.java:50)
	at org.openqa.selenium.remote.HttpCommandExecutor.execute(HttpCommandExecutor.java:215)
	at org.openqa.selenium.remote.service.DriverCommandExecutor.invokeExecute(DriverCommandExecutor.java:216)
	at org.openqa.selenium.remote.service.DriverCommandExecutor.execute(DriverCommandExecutor.java:174)
	at org.openqa.selenium.remote.RemoteWebDriver.execute(RemoteWebDriver.java:545)
	at org.openqa.selenium.remote.RemoteWebElement.execute(RemoteWebElement.java:223)
	at org.openqa.selenium.remote.RemoteWebElement.isDisplayed(RemoteWebElement.java:282)
	at org.openqa.selenium.support.pagefactory.internal.LocatingElementHandler.invoke(LocatingElementHandler.java:51)
	at jdk.proxy2/jdk.proxy2.$Proxy12.isDisplayed(Unknown Source)
	at Amazon_pacakge.Amazon_project.Homepage.continebtn(Homepage.java:62)
	at Amazon_pacakge.Amazon_project.Test_2_Loginwithvaliddetails.sucsessfulloginwithrightdetails(Test_2_Loginwithvaliddetails.java:43)
	at java.base/java.util.ArrayList.forEach(ArrayList.java:1511)
... Removed 40 stack frames</pre></div><a href='#' onClick='toggleBox("stack-trace897801829", this, "Click to show all stack frames", "Click to hide stack frames")'>Click to show all stack frames</a>
<div class='stack-trace' id='stack-trace897801829'><pre>org.openqa.selenium.StaleElementReferenceException: stale element reference: stale element not found
  (Session info: MicrosoftEdge=137.0.3296.83)
For documentation on this error, please visit: https://www.selenium.dev/documentation/webdriver/troubleshooting/errors#stale-element-reference-exception
Build info: version: &apos;4.32.0&apos;, revision: &apos;d17c8aa950&apos;
System info: os.name: &apos;Windows 10&apos;, os.arch: &apos;amd64&apos;, os.version: &apos;10.0&apos;, java.version: &apos;17.0.9&apos;
Driver info: org.openqa.selenium.edge.EdgeDriver
Command: [af7dadb53354a7107dfaed6c57d9e7dd, isElementDisplayed {id=f.ACD7D7AC4B7CDE407D4D66A2798862CA.d.57BE56AC794EFCA5981162D19168AD33.e.158}]
Capabilities {acceptInsecureCerts: false, browserName: MicrosoftEdge, browserVersion: 137.0.3296.83, fedcm:accounts: true, ms:edgeOptions: {debuggerAddress: localhost:63895}, msedge: {msedgedriverVersion: 137.0.3296.93 (114b4a913acd..., userDataDir: C:\Users\DELL\AppData\Local...}, networkConnectionEnabled: false, pageLoadStrategy: normal, platformName: windows, proxy: Proxy(), se:cdp: ws://localhost:63895/devtoo..., se:cdpVersion: 137.0.3296.83, setWindowRect: true, strictFileInteractability: false, timeouts: {implicit: 0, pageLoad: 300000, script: 30000}, unhandledPromptBehavior: dismiss and notify, webauthn:extension:credBlob: true, webauthn:extension:largeBlob: true, webauthn:extension:minPinLength: true, webauthn:extension:prf: true, webauthn:virtualAuthenticators: true}
Element: [[EdgeDriver: MicrosoftEdge on windows (af7dadb53354a7107dfaed6c57d9e7dd)] -&gt; xpath: //input[@type=&apos;password&apos;]]
Session ID: af7dadb53354a7107dfaed6c57d9e7dd
	at java.base/jdk.internal.reflect.NativeConstructorAccessorImpl.newInstance0(Native Method)
	at java.base/jdk.internal.reflect.NativeConstructorAccessorImpl.newInstance(NativeConstructorAccessorImpl.java:77)
	at java.base/jdk.internal.reflect.DelegatingConstructorAccessorImpl.newInstance(DelegatingConstructorAccessorImpl.java:45)
	at java.base/java.lang.reflect.Constructor.newInstanceWithCaller(Constructor.java:499)
	at java.base/java.lang.reflect.Constructor.newInstance(Constructor.java:480)
	at org.openqa.selenium.remote.ErrorCodec.decode(ErrorCodec.java:167)
	at org.openqa.selenium.remote.codec.w3c.W3CHttpResponseCodec.decode(W3CHttpResponseCodec.java:138)
	at org.openqa.selenium.remote.codec.w3c.W3CHttpResponseCodec.decode(W3CHttpResponseCodec.java:50)
	at org.openqa.selenium.remote.HttpCommandExecutor.execute(HttpCommandExecutor.java:215)
	at org.openqa.selenium.remote.service.DriverCommandExecutor.invokeExecute(DriverCommandExecutor.java:216)
	at org.openqa.selenium.remote.service.DriverCommandExecutor.execute(DriverCommandExecutor.java:174)
	at org.openqa.selenium.remote.RemoteWebDriver.execute(RemoteWebDriver.java:545)
	at org.openqa.selenium.remote.RemoteWebElement.execute(RemoteWebElement.java:223)
	at org.openqa.selenium.remote.RemoteWebElement.isDisplayed(RemoteWebElement.java:282)
	at java.base/jdk.internal.reflect.NativeMethodAccessorImpl.invoke0(Native Method)
	at java.base/jdk.internal.reflect.NativeMethodAccessorImpl.invoke(NativeMethodAccessorImpl.java:77)
	at java.base/jdk.internal.reflect.DelegatingMethodAccessorImpl.invoke(DelegatingMethodAccessorImpl.java:43)
	at java.base/java.lang.reflect.Method.invoke(Method.java:568)
	at org.openqa.selenium.support.pagefactory.internal.LocatingElementHandler.invoke(LocatingElementHandler.java:51)
	at jdk.proxy2/jdk.proxy2.$Proxy12.isDisplayed(Unknown Source)
	at Amazon_pacakge.Amazon_project.Homepage.continebtn(Homepage.java:62)
	at Amazon_pacakge.Amazon_project.Test_2_Loginwithvaliddetails.sucsessfulloginwithrightdetails(Test_2_Loginwithvaliddetails.java:43)
	at java.base/jdk.internal.reflect.NativeMethodAccessorImpl.invoke0(Native Method)
	at java.base/jdk.internal.reflect.NativeMethodAccessorImpl.invoke(NativeMethodAccessorImpl.java:77)
	at java.base/jdk.internal.reflect.DelegatingMethodAccessorImpl.invoke(DelegatingMethodAccessorImpl.java:43)
	at java.base/java.lang.reflect.Method.invoke(Method.java:568)
	at org.testng.internal.invokers.MethodInvocationHelper.invokeMethod(MethodInvocationHelper.java:141)
	at org.testng.internal.invokers.TestInvoker.invokeMethod(TestInvoker.java:686)
	at org.testng.internal.invokers.TestInvoker.invokeTestMethod(TestInvoker.java:230)
	at org.testng.internal.invokers.MethodRunner.runInSequence(MethodRunner.java:63)
	at org.testng.internal.invokers.TestInvoker$MethodInvocationAgent.invoke(TestInvoker.java:992)
	at org.testng.internal.invokers.TestInvoker.invokeTestMethods(TestInvoker.java:203)
	at org.testng.internal.invokers.TestMethodWorker.invokeTestMethods(TestMethodWorker.java:154)
	at org.testng.internal.invokers.TestMethodWorker.run(TestMethodWorker.java:134)
	at java.base/java.util.ArrayList.forEach(ArrayList.java:1511)
	at org.testng.TestRunner.privateRun(TestRunner.java:739)
	at org.testng.TestRunner.run(TestRunner.java:614)
	at org.testng.SuiteRunner.runTest(SuiteRunner.java:421)
	at org.testng.SuiteRunner.runSequentially(SuiteRunner.java:413)
	at org.testng.SuiteRunner.privateRun(SuiteRunner.java:373)
	at org.testng.SuiteRunner.run(SuiteRunner.java:312)
	at org.testng.SuiteRunnerWorker.runSuite(SuiteRunnerWorker.java:52)
	at org.testng.SuiteRunnerWorker.run(SuiteRunnerWorker.java:95)
	at org.testng.TestNG.runSuitesSequentially(TestNG.java:1274)
	at org.testng.TestNG.runSuitesLocally(TestNG.java:1208)
	at org.testng.TestNG.runSuites(TestNG.java:1112)
	at org.testng.TestNG.run(TestNG.java:1079)
	at org.apache.maven.surefire.testng.TestNGExecutor.run(TestNGExecutor.java:308)
	at org.apache.maven.surefire.testng.TestNGXmlTestSuite.execute(TestNGXmlTestSuite.java:71)
	at org.apache.maven.surefire.testng.TestNGProvider.invoke(TestNGProvider.java:113)
	at org.apache.maven.surefire.booter.ForkedBooter.runSuitesInProcess(ForkedBooter.java:385)
	at org.apache.maven.surefire.booter.ForkedBooter.execute(ForkedBooter.java:162)
	at org.apache.maven.surefire.booter.ForkedBooter.run(ForkedBooter.java:507)
	at org.apache.maven.surefire.booter.ForkedBooter.main(ForkedBooter.java:495)
</pre></div></td>
<td>3</td>
<td>Amazon_pacakge.Amazon_project.Test_2_Loginwithvaliddetails@7e07db1f</td></tr>
</table><p>
</body>
</html>